#-----------------------------------------------------------
# Vivado v2019.1 (64-bit)
# SW Build 2552052 on Fri May 24 14:49:42 MDT 2019
# IP Build 2548770 on Fri May 24 18:01:18 MDT 2019
# Start of session at: Mon Sep  7 18:03:12 2020
# Process ID: 2036
# Current directory: F:/Notes/CG3207/project/CG3207Lab/yetong_lab_1/verilog/lab_1
# Command line: vivado.exe -gui_launcher_event rodinguilauncherevent18460 F:\Notes\CG3207\project\CG3207Lab\yetong_lab_1\verilog\lab_1\lab_1.xpr
# Log file: F:/Notes/CG3207/project/CG3207Lab/yetong_lab_1/verilog/lab_1/vivado.log
# Journal file: F:/Notes/CG3207/project/CG3207Lab/yetong_lab_1/verilog/lab_1\vivado.jou
#-----------------------------------------------------------
start_gui
oopen_project F:/Notes/CG3207/project/CG3207Lab/yetong_lab_1/verilog/lab_1/lab_1.xprSScanning sources...FFinished scanning sourcesINFO: [IP_Flow 19-234] Refreshing IP repositories
INFO: [IP_Flow 19-1704] No user IP repositories specified
INFO: [IP_Flow 19-2313] Loaded Vivado IP repository 'G:/Xilinx/Vivado/2019.1/data/ip'.
oopen_project: Time (s): cpu = 00:00:10 ; elapsed = 00:00:11 . Memory (MB): peak = 665.246 ; gain = 82.551update_compile_order -fileset sources_1
ereset_run synth_1
launch_runs impl_1 -to_step write_bitstream -jobs 8
[Mon Sep  7 18:04:21 2020] Launched synth_1...
Run output will be captured here: F:/Notes/CG3207/project/CG3207Lab/yetong_lab_1/verilog/lab_1/lab_1.runs/synth_1/runme.log
[Mon Sep  7 18:04:21 2020] Launched impl_1...
Run output will be captured here: F:/Notes/CG3207/project/CG3207Lab/yetong_lab_1/verilog/lab_1/lab_1.runs/impl_1/runme.log
open_hw
connect_hw_server
INFO: [Labtools 27-2285] Connecting to hw_server url TCP:localhost:3121
INFO: [Labtools 27-2222] Launching hw_server...
INFO: [Labtools 27-2221] Launch Output:

****** Xilinx hw_server v2019.1
  **** Build date : May 24 2019 at 15:13:31
    ** Copyright 1986-2019 Xilinx, Inc. All Rights Reserved.


open_hw_target
INFO: [Labtoolstcl 44-466] Opening hw_target localhost:3121/xilinx_tcf/Digilent/210274533729A
set_property PROGRAM.FILE {F:/Notes/CG3207/project/CG3207Lab/yetong_lab_1/verilog/lab_1/lab_1.runs/impl_1/Top.bit} [get_hw_devices xc7a100t_0]
current_hw_device [get_hw_devices xc7a100t_0]
refresh_hw_device -update_hw_probes false [lindex [get_hw_devices xc7a100t_0] 0]
INFO: [Labtools 27-1434] Device xc7a100t (JTAG device index = 0) is programmed with a design that has no supported debug core(s) in it.
set_property PROBES.FILE {} [get_hw_devices xc7a100t_0]
set_property FULL_PROBES.FILE {} [get_hw_devices xc7a100t_0]
set_property PROGRAM.FILE {F:/Notes/CG3207/project/CG3207Lab/yetong_lab_1/verilog/lab_1/lab_1.runs/impl_1/Top.bit} [get_hw_devices xc7a100t_0]
program_hw_devices [get_hw_devices xc7a100t_0]
INFO: [Labtools 27-3164] End of startup status: HIGH
refresh_hw_device [lindex [get_hw_devices xc7a100t_0] 0]
INFO: [Labtools 27-1434] Device xc7a100t (JTAG device index = 0) is programmed with a design that has no supported debug core(s) in it.
close_hw
open_hw
connect_hw_server
INFO: [Labtools 27-2285] Connecting to hw_server url TCP:localhost:3121
INFO: [Labtools 27-2222] Launching hw_server...
INFO: [Labtools 27-2221] Launch Output:

****** Xilinx hw_server v2019.1
  **** Build date : May 24 2019 at 15:13:31
    ** Copyright 1986-2019 Xilinx, Inc. All Rights Reserved.


open_hw_target
INFO: [Labtoolstcl 44-466] Opening hw_target localhost:3121/xilinx_tcf/Digilent/210274533729A
set_property PROGRAM.FILE {F:/Notes/CG3207/project/CG3207Lab/yetong_lab_1/verilog/lab_1/lab_1.runs/impl_1/Top.bit} [get_hw_devices xc7a100t_0]
current_hw_device [get_hw_devices xc7a100t_0]
refresh_hw_device -update_hw_probes false [lindex [get_hw_devices xc7a100t_0] 0]
INFO: [Labtools 27-1434] Device xc7a100t (JTAG device index = 0) is programmed with a design that has no supported debug core(s) in it.
set_property PROBES.FILE {} [get_hw_devices xc7a100t_0]
set_property FULL_PROBES.FILE {} [get_hw_devices xc7a100t_0]
set_property PROGRAM.FILE {F:/Notes/CG3207/project/CG3207Lab/yetong_lab_1/verilog/lab_1/lab_1.runs/impl_1/Top.bit} [get_hw_devices xc7a100t_0]
program_hw_devices [get_hw_devices xc7a100t_0]
INFO: [Labtools 27-3164] End of startup status: HIGH
refresh_hw_device [lindex [get_hw_devices xc7a100t_0] 0]
INFO: [Labtools 27-1434] Device xc7a100t (JTAG device index = 0) is programmed with a design that has no supported debug core(s) in it.
close_hw
launch_simulation
INFO: [Vivado 12-5682] Launching behavioral simulation in 'F:/Notes/CG3207/project/CG3207Lab/yetong_lab_1/verilog/lab_1/lab_1.sim/sim_1/behav/xsim'
INFO: [SIM-utils-51] Simulation object is 'sim_1'
INFO: [SIM-utils-54] Inspecting design source files for 'testbench' in fileset 'sim_1'...
INFO: [USF-XSim-97] Finding global include files...
INFO: [USF-XSim-98] Fetching design files from 'sim_1'...
INFO: [USF-XSim-2] XSim::Compile design
INFO: [USF-XSim-61] Executing 'COMPILE and ANALYZE' step in 'F:/Notes/CG3207/project/CG3207Lab/yetong_lab_1/verilog/lab_1/lab_1.sim/sim_1/behav/xsim'
"xvlog --incr --relax -prj testbench_vlog.prj"
INFO: [VRFC 10-2263] Analyzing Verilog file "F:/Notes/CG3207/project/CG3207Lab/yetong_lab_1/verilog/lab_1_template/Clock_Enable.v" into library xil_defaultlib
INFO: [VRFC 10-311] analyzing module Clock_Enable
INFO: [VRFC 10-2263] Analyzing Verilog file "F:/Notes/CG3207/project/CG3207Lab/yetong_lab_1/verilog/lab_1_template/Get_MEM.v" into library xil_defaultlib
INFO: [VRFC 10-311] analyzing module Get_MEM
INFO: [VRFC 10-2263] Analyzing Verilog file "F:/Notes/CG3207/project/CG3207Lab/yetong_lab_1/verilog/lab_1_template/Top_Nexys.v" into library xil_defaultlib
INFO: [VRFC 10-311] analyzing module Top
INFO: [VRFC 10-2263] Analyzing Verilog file "F:/Notes/CG3207/project/CG3207Lab/yetong_lab_1/verilog/lab_1/lab_1.srcs/sim_1/new/testbench.v" into library xil_defaultlib
INFO: [VRFC 10-311] analyzing module testbench
INFO: [VRFC 10-2263] Analyzing Verilog file "F:/Notes/CG3207/project/CG3207Lab/yetong_lab_1/verilog/lab_1/lab_1.sim/sim_1/behav/xsim/glbl.v" into library xil_defaultlib
INFO: [VRFC 10-311] analyzing module glbl
INFO: [USF-XSim-69] 'compile' step finished in '2' seconds
INFO: [USF-XSim-3] XSim::Elaborate design
INFO: [USF-XSim-61] Executing 'ELABORATE' step in 'F:/Notes/CG3207/project/CG3207Lab/yetong_lab_1/verilog/lab_1/lab_1.sim/sim_1/behav/xsim'
"xelab -wto dc5b0b4d2c0d4d19a4647bc2a955b577 --incr --debug typical --relax --mt 2 -L xil_defaultlib -L unisims_ver -L unimacro_ver -L secureip --snapshot testbench_behav xil_defaultlib.testbench xil_defaultlib.glbl -log elaborate.log"
Vivado Simulator 2019.1
Copyright 1986-1999, 2001-2019 Xilinx, Inc. All Rights Reserved.
Running: G:/Xilinx/Vivado/2019.1/bin/unwrapped/win64.o/xelab.exe -wto dc5b0b4d2c0d4d19a4647bc2a955b577 --incr --debug typical --relax --mt 2 -L xil_defaultlib -L unisims_ver -L unimacro_ver -L secureip --snapshot testbench_behav xil_defaultlib.testbench xil_defaultlib.glbl -log elaborate.log 
Using 2 slave threads.
Starting static elaboration
Completed static elaboration
Starting simulation data flow analysis
WARNING: [XSIM 43-4099] "F:/Notes/CG3207/project/CG3207Lab/yetong_lab_1/verilog/lab_1_template/Clock_Enable.v" Line 7. Module Clock_Enable doesn't have a timescale but at least one module in design has a timescale.
Completed simulation data flow analysis
Time Resolution for simulation is 1ps
Compiling module xil_defaultlib.Clock_Enable
Compiling module xil_defaultlib.Get_MEM
Compiling module xil_defaultlib.Top
Compiling module xil_defaultlib.testbench
Compiling module xil_defaultlib.glbl
Built simulation snapshot testbench_behav

****** Webtalk v2019.1 (64-bit)
  **** SW Build 2552052 on Fri May 24 14:49:42 MDT 2019
  **** IP Build 2548770 on Fri May 24 18:01:18 MDT 2019
    ** Copyright 1986-2019 Xilinx, Inc. All Rights Reserved.

source F:/Notes/CG3207/project/CG3207Lab/yetong_lab_1/verilog/lab_1/lab_1.sim/sim_1/behav/xsim/xsim.dir/testbench_behav/webtalk/xsim_webtalk.tcl -notrace
INFO: [Common 17-186] 'F:/Notes/CG3207/project/CG3207Lab/yetong_lab_1/verilog/lab_1/lab_1.sim/sim_1/behav/xsim/xsim.dir/testbench_behav/webtalk/usage_statistics_ext_xsim.xml' has been successfully sent to Xilinx on Mon Sep  7 18:57:33 2020. For additional details about this file, please refer to the WebTalk help file at G:/Xilinx/Vivado/2019.1/doc/webtalk_introduction.html.
INFO: [Common 17-206] Exiting Webtalk at Mon Sep  7 18:57:33 2020...
run_program: Time (s): cpu = 00:00:00 ; elapsed = 00:00:09 . Memory (MB): peak = 1905.711 ; gain = 0.000
INFO: [USF-XSim-69] 'elaborate' step finished in '9' seconds
INFO: [USF-XSim-4] XSim::Simulate design
INFO: [USF-XSim-61] Executing 'SIMULATE' step in 'F:/Notes/CG3207/project/CG3207Lab/yetong_lab_1/verilog/lab_1/lab_1.sim/sim_1/behav/xsim'
INFO: [USF-XSim-98] *** Running xsim
   with args "testbench_behav -key {Behavioral:sim_1:Functional:testbench} -tclbatch {testbench.tcl} -log {simulate.log}"
INFO: [USF-XSim-8] Loading simulator feature
Vivado Simulator 2019.1
Time resolution is 1 ps
source testbench.tcl
# set curr_wave [current_wave_config]
# if { [string length $curr_wave] == 0 } {
#   if { [llength [get_objects]] > 0} {
#     add_wave /
#     set_property needs_save false [current_wave_config]
#   } else {
#      send_msg_id Add_Wave-1 WARNING "No top level signals found. Simulator will start without a wave window. If you want to open a wave window go to 'File->New Waveform Configuration' or type 'create_wave_config' in the TCL console."
#   }
# }
# run 1000ns
INFO: [USF-XSim-96] XSim completed. Design snapshot 'testbench_behav' loaded.
INFO: [USF-XSim-97] XSim simulation ran for 1000ns
launch_simulation: Time (s): cpu = 00:00:04 ; elapsed = 00:00:15 . Memory (MB): peak = 1909.125 ; gain = 3.414
open_hw
connect_hw_server
INFO: [Labtools 27-2285] Connecting to hw_server url TCP:localhost:3121
INFO: [Labtools 27-2222] Launching hw_server...
INFO: [Labtools 27-2221] Launch Output:

****** Xilinx hw_server v2019.1
  **** Build date : May 24 2019 at 15:13:31
    ** Copyright 1986-2019 Xilinx, Inc. All Rights Reserved.


open_hw_target
INFO: [Labtoolstcl 44-466] Opening hw_target localhost:3121/xilinx_tcf/Digilent/210274533729A
set_property PROGRAM.FILE {F:/Notes/CG3207/project/CG3207Lab/yetong_lab_1/verilog/lab_1/lab_1.runs/impl_1/Top.bit} [get_hw_devices xc7a100t_0]
current_hw_device [get_hw_devices xc7a100t_0]
refresh_hw_device -update_hw_probes false [lindex [get_hw_devices xc7a100t_0] 0]
INFO: [Labtools 27-1434] Device xc7a100t (JTAG device index = 0) is programmed with a design that has no supported debug core(s) in it.
set_property PROBES.FILE {} [get_hw_devices xc7a100t_0]
set_property FULL_PROBES.FILE {} [get_hw_devices xc7a100t_0]
set_property PROGRAM.FILE {F:/Notes/CG3207/project/CG3207Lab/yetong_lab_1/verilog/lab_1/lab_1.runs/impl_1/Top.bit} [get_hw_devices xc7a100t_0]
program_hw_devices [get_hw_devices xc7a100t_0]
INFO: [Labtools 27-3164] End of startup status: HIGH
refresh_hw_device [lindex [get_hw_devices xc7a100t_0] 0]
INFO: [Labtools 27-1434] Device xc7a100t (JTAG device index = 0) is programmed with a design that has no supported debug core(s) in it.
close_sim
INFO: [Simtcl 6-16] Simulation closed
close_sim: Time (s): cpu = 00:00:00 ; elapsed = 00:00:05 . Memory (MB): peak = 1943.477 ; gain = 0.000
exit
INFO: [Common 17-206] Exiting Vivado at Mon Sep  7 19:07:16 2020...
