


ARM Macro Assembler    Page 1 


    1 00000000         ;-------------------------------------------------------
                       ---------------------------
    2 00000000         ;-- License terms :
    3 00000000         ;-- You are free to use this code as long as you
    4 00000000         ;--  (i) DO NOT post it on any public repository;
    5 00000000         ;--  (ii) use it only for educational purposes;
    6 00000000         ;--  (iii) accept the responsibility to ensure that your
                        implementation does not violate any intellectual proper
                       ty of ARM Holdings or other entities.
    7 00000000         ;--  (iv) accept that the program is provided "as is" wi
                       thout warranty of any kind or assurance regarding its su
                       itability for any particular purpose;
    8 00000000         ;--  (v) send an email to rajesh.panicker@ieee.org brief
                       ly mentioning its use (except when used for the course C
                       G3207 at the National University of Singapore);
    9 00000000         ;--  (vi) retain this notice in this file or any files d
                       erived from this.
   10 00000000         ;-------------------------------------------------------
                       ---------------------------
   11 00000000         
   12 00000000                 AREA             MYCODE, CODE, READONLY, ALIGN=9
   13 00000000                 ENTRY
   14 00000000         
   15 00000000         ; ------- <code memory (ROM mapped to Instruction Memory
                       ) begins>
   16 00000000         ; Total number of instructions should not exceed 127 (12
                       6 excluding the last line 'halt B halt').
   17 00000000         ;MOV  R0, #0         ; R0 stores total
   18 00000000         ;MOV  R1, R15        ; It is interesting to note that R1
                       5 is read as PC+8 in ARM7. Here, R1 = PC+8 = 4 + 8 = 0xC
                       
   19 00000000         ;loop_sample 
   20 00000000         ;ADD  R0, R0, R1
   21 00000000         ;SUBS R1, R1, #1
   22 00000000         ;BNE  loop_sample   ; loops 12 times as R1 = 12 in line 
                       8.
   23 00000000         ; some random instructions below to illustrate loads and
                        stores - doesn't do anything meaningful
   24 00000000         ;LDR  R0, constant1 ; 
   25 00000000         ;STR  R5, variable1  ; PC relative STRs are supported in
                        ARM7 (ARMv3 ISA), unlike LPC1769/ARM Cortex M3 (ARMv7M 
                       ISA)
   26 00000000         ;LDR  R5, variable1 ; load from a variable only after st
                       oring something to it (variables are in RAM - a volatile
                        memory)
   27 00000000         ;LDR  R2, variable1_addr ; to get the address of variabl
                       e1 in R2. 
   28 00000000         ; instead of the pseudo-instruction LDR  R2, =variable1,
                        use LDR R2, variable1_addr and variable1_addr DCD varia
                       ble1
   29 00000000         ;STR  R0, [R2]  ; store using address of variable 1 as a
                        pointer. *R2 = R0;
   30 00000000         ;STR  R0, [R2, #4]  ; *(R2+4) = R0;
   31 00000000         
   32 00000000 E51F1008        LDR              R1, LEDS
   33 00000004 E51F2008        LDR              R2, DIPS
   34 00000008         loop
   35 00000008 E51F3008        LDR              R3, DELAY_VAL
   36 0000000C E5924000        LDR              R4, [R2]



ARM Macro Assembler    Page 2 


   37 00000010 E5814000        STR              R4, [R1]
   38 00000014         delay_loop
   39 00000014 E2533001        SUBS             R3, R3, #0x1
   40 00000018 1AFFFFFD        BNE              delay_loop
   41 0000001C         
   42 0000001C E3530000        CMP              R3, #0
   43 00000020 0AFFFFF8        BEQ              loop
   44 00000024         
   45 00000024         halt
   46 00000024 EAFFFFFE        B                halt        ; infinite loop to 
                                                            halt computation. /
                                                            / A program should 
                                                            not "terminate" wit
                                                            hout an operating s
                                                            ystem to return con
                                                            trol to
   47 00000028         ; keep halt B halt as the last line of your code.
   48 00000028         ; ------- <\code memory (ROM mapped to Instruction Memor
                       y) ends>
   49 00000028         
   50 00000028         
   51 00000028                 AREA             CONSTANTS, DATA, READONLY, ALIG
N=9
   52 00000000         ; ------- <constant memory (ROM mapped to Data Memory) b
                       egins>
   53 00000000         ; All constants should be declared in this section. This
                        section is read only (Only LDR, no STR).
   54 00000000         ; Total number of constants should not exceed 128 (124 e
                       xcluding the 4 used for peripheral pointers).
   55 00000000         ; If a variable is accessed multiple times, it is better
                        to store the address in a register and use it rather th
                       an load it repeatedly.
   56 00000000         
   57 00000000         ;Peripheral pointers
   58 00000000         LEDS
   59 00000000 00000C00        DCD              0x00000C00  ; Address of LEDs. 
                                                            //volatile unsigned
                                                             int * const LEDS =
                                                             (unsigned int*)0x0
                                                            0000C00;  
   60 00000004         DIPS
   61 00000004 00000C04        DCD              0x00000C04  ; Address of DIP sw
                                                            itches. //volatile 
                                                            unsigned int * cons
                                                            t DIPS = (unsigned 
                                                            int*)0x00000C04;
   62 00000008         PBS
   63 00000008 00000C08        DCD              0x00000C08  ; Address of Push B
                                                            uttons. Used only i
                                                            n Lab 2
   64 0000000C         UART
   65 0000000C 00000C0C        DCD              0x00000C0C  ; Address of UART. 
                                                            Used only in Lab 2
   66 00000010         
   67 00000010         ; Rest of the constants should be declared below.
   68 00000010         DELAY_VAL
   69 00000010 00000004        DCD              0x4         ; The number of ste
                                                            ps of delay // cons
                                                            t unsigned int DELA



ARM Macro Assembler    Page 3 


                                                            Y_VAL = 4;
   70 00000014         variable1_addr
   71 00000014 00000000        DCD              variable1   ; address of variab
                                                            le1. Required since
                                                             we are avoiding ps
                                                            eudo-instructions /
                                                            / unsigned int * co
                                                            nst variable1_addr 
                                                            = &variable1;
   72 00000018         constant1
   73 00000018 ABCD1234        DCD              0xABCD1234  ; // const unsigned
                                                             int constant1 = 0x
                                                            ABCD1234;
   74 0000001C         string1
   75 0000001C 48 65 6C 
              6C 6F 20 
              57 6F 72 
              6C 64 21 
              21 21 21 
              00               DCB              "Hello World!!!!",0 ; // unsign
                                                            ed char string1[] =
                                                             "Hello World!"; //
                                                             assembler will iss
                                                            ue a warning if the
                                                             string size is not
                                                             a multiple of 4, b
                                                            ut the warning is s
                                                            afe to ignore
   76 0000002C         
   77 0000002C         ; ------- <constant memory (ROM mapped to Data Memory) e
                       nds> 
   78 0000002C         
   79 0000002C         
   80 0000002C                 AREA             VARIABLES, DATA, READWRITE, ALI
GN=9
   81 00000000         ; ------- <variable memory (RAM mapped to Data Memory) b
                       egins>
   82 00000000         ; All variables should be declared in this section. This
                        section is read-write.
   83 00000000         ; Total number of variables should not exceed 128. 
   84 00000000         ; No initialization possible in this region. In other wo
                       rds, you should write to a location before you can read 
                       from it (i.e., write to a location using STR before read
                       ing using LDR).
   85 00000000         
   86 00000000         variable1
   87 00000000 00000000        DCD              0x00000000  ;  // unsigned int 
                                                            variable1;
   88 00000004         ; ------- <variable memory (RAM mapped to Data Memory) e
                       nds> 
   89 00000004         
   90 00000004                 END
Command Line: --debug --xref --apcs=interwork --depend=Lab_1_ASM_Keil_ARM7.d -o
Lab_1_ASM_Keil_ARM7.o -IG:\Keil\ARM\RV31\INC -IG:\Keil\ARM\CMSIS\Include --pred
efine="__EVAL SETA 1" --list=Lab_1_ASM_Keil_ARM7.lst Lab_1_ASM_Keil_ARM7.s



ARM Macro Assembler    Page 1 Alphabetic symbol ordering
Relocatable symbols

MYCODE 00000000

Symbol: MYCODE
   Definitions
      At line 12 in file Lab_1_ASM_Keil_ARM7.s
   Uses
      None
Comment: MYCODE unused
delay_loop 00000014

Symbol: delay_loop
   Definitions
      At line 38 in file Lab_1_ASM_Keil_ARM7.s
   Uses
      At line 40 in file Lab_1_ASM_Keil_ARM7.s
Comment: delay_loop used once
halt 00000024

Symbol: halt
   Definitions
      At line 45 in file Lab_1_ASM_Keil_ARM7.s
   Uses
      At line 46 in file Lab_1_ASM_Keil_ARM7.s
Comment: halt used once
loop 00000008

Symbol: loop
   Definitions
      At line 34 in file Lab_1_ASM_Keil_ARM7.s
   Uses
      At line 43 in file Lab_1_ASM_Keil_ARM7.s
Comment: loop used once
4 symbols



ARM Macro Assembler    Page 1 Alphabetic symbol ordering
Relocatable symbols

CONSTANTS 00000000

Symbol: CONSTANTS
   Definitions
      At line 51 in file Lab_1_ASM_Keil_ARM7.s
   Uses
      None
Comment: CONSTANTS unused
DELAY_VAL 00000010

Symbol: DELAY_VAL
   Definitions
      At line 68 in file Lab_1_ASM_Keil_ARM7.s
   Uses
      At line 35 in file Lab_1_ASM_Keil_ARM7.s
Comment: DELAY_VAL used once
DIPS 00000004

Symbol: DIPS
   Definitions
      At line 60 in file Lab_1_ASM_Keil_ARM7.s
   Uses
      At line 33 in file Lab_1_ASM_Keil_ARM7.s
Comment: DIPS used once
LEDS 00000000

Symbol: LEDS
   Definitions
      At line 58 in file Lab_1_ASM_Keil_ARM7.s
   Uses
      At line 32 in file Lab_1_ASM_Keil_ARM7.s
Comment: LEDS used once
PBS 00000008

Symbol: PBS
   Definitions
      At line 62 in file Lab_1_ASM_Keil_ARM7.s
   Uses
      None
Comment: PBS unused
UART 0000000C

Symbol: UART
   Definitions
      At line 64 in file Lab_1_ASM_Keil_ARM7.s
   Uses
      None
Comment: UART unused
constant1 00000018

Symbol: constant1
   Definitions
      At line 72 in file Lab_1_ASM_Keil_ARM7.s
   Uses
      None
Comment: constant1 unused
string1 0000001C

Symbol: string1



ARM Macro Assembler    Page 2 Alphabetic symbol ordering
Relocatable symbols

   Definitions
      At line 74 in file Lab_1_ASM_Keil_ARM7.s
   Uses
      None
Comment: string1 unused
variable1_addr 00000014

Symbol: variable1_addr
   Definitions
      At line 70 in file Lab_1_ASM_Keil_ARM7.s
   Uses
      None
Comment: variable1_addr unused
9 symbols



ARM Macro Assembler    Page 1 Alphabetic symbol ordering
Relocatable symbols

VARIABLES 00000000

Symbol: VARIABLES
   Definitions
      At line 80 in file Lab_1_ASM_Keil_ARM7.s
   Uses
      None
Comment: VARIABLES unused
variable1 00000000

Symbol: variable1
   Definitions
      At line 86 in file Lab_1_ASM_Keil_ARM7.s
   Uses
      At line 71 in file Lab_1_ASM_Keil_ARM7.s
Comment: variable1 used once
2 symbols
346 symbols in table
