#-----------------------------------------------------------
# Vivado v2020.1 (64-bit)
# SW Build 2902540 on Wed May 27 19:54:49 MDT 2020
# IP Build 2902112 on Wed May 27 22:43:36 MDT 2020
# Start of session at: Sat Sep  5 11:22:58 2020
# Process ID: 13844
# Current directory: F:/Notes/CG3207/project/CG3207Lab/yetong lab 1/verilog/simple_count_Verilog
# Command line: vivado.exe -gui_launcher_event rodinguilauncherevent10212 F:\Notes\CG3207\project\CG3207Lab\yetong lab 1\verilog\simple_count_Verilog\simple_count_Verilog.xpr
# Log file: F:/Notes/CG3207/project/CG3207Lab/yetong lab 1/verilog/simple_count_Verilog/vivado.log
# Journal file: F:/Notes/CG3207/project/CG3207Lab/yetong lab 1/verilog/simple_count_Verilog\vivado.jou
#-----------------------------------------------------------
start_gui
open_project {F:/Notes/CG3207/project/CG3207Lab/yetong lab 1/verilog/simple_count_Verilog/simple_count_Verilog.xpr}
Scanning sources...
Finished scanning sources
INFO: [IP_Flow 19-234] Refreshing IP repositories
INFO: [IP_Flow 19-1704] No user IP repositories specified
INFO: [IP_Flow 19-2313] Loaded Vivado IP repository 'G:/Xilinx/Vivado/2020.1/data/ip'.
open_project: Time (s): cpu = 00:00:08 ; elapsed = 00:00:09 . Memory (MB): peak = 1004.523 ; gain = 0.000
update_compile_order -fileset sources_1
exit
INFO: [Common 17-206] Exiting Vivado at Sat Sep  5 11:38:24 2020...
